<!DOCTYPE html>
<html>
<head>
    <title>Tasleem WEB Tests</title>
    <meta name="generator" content="HTMLTestRunner 1.1.2"/>
    <meta http-equiv="Content-Type" content="text/html; charset=UTF-8"/>
    <link rel="stylesheet" href="stylesheet.css">
    <script src="script.js"></script>
    <style>
        
    </style>
    <script>
        
    </script>
</head>
<body>
<div class='heading'>
    <h1 style="margin-left:1ex;">Tasleem WEB Tests</h1>
    
    <p class='attribute'><strong>Start Time : </strong> 2023-10-30 22:25:48</p>
    
    <p class='attribute'><strong>Duration : </strong> 0:00:09.127408</p>
    
    <p class='attribute'><strong>Status : </strong> Error 1</p>
    
    <p class='attribute'><strong>Description : </strong> Test report generation using HTMLTestRunner-rv</p>
    
    <p class='attribute'><strong>Tested By : </strong> Unknown</p>
    
</div>
<div>
    <p id='show_detail_line'><b>Show</b>
        <button><a href='javascript:showCase(0)' style="color:#660066;">Summary</a></button>
        <button><a href='javascript:showCase(1)' style="color:#660066;">Failed</a></button>
        <button><a href='javascript:showCase(2)' style="color:#660066;">Passed</a></button>
        <button><a href='javascript:showCase(3)' style="color:#660066;">All</a></button>
    </p>
    <table id='result_table'>
        <colgroup>
            <col align='left'/>
            <col align='right'/>
            <col align='right'/>
            <col align='right'/>
            <col align='right'/>
            <col align='right'/>
        </colgroup>
        <tr id='header_row'>
            <td>Test Group/Test case</td>
            <td>Count</td>
            <td>Pass</td>
            <td>Fail</td>
            <td>Error</td>
            <td>View</td>
        </tr>
        
        <tr class='errorClass' style="font-weight:bold;color:white;">
            <td><a href="javascript:showClassDetail('c1','1')">Web_tests.test_web_login.WebLoginTest</a></td>
            <td>1</td>
            <td>0</td>
            <td>0</td>
            <td>1</td>
            <td>
                <button><a href="javascript:showClassDetail('c1','1')"
                           style="color:#660066;">Detail</a></button>
            </td>
        </tr>
            
            <tr id="ft1.1" class='none'>
                <td class='errorCase'>
                    <div class='testcase'>
                        <a class="popup_link" onfocus='this.blur();'
                           href="javascript:showTestDetail('div_ft1.1')">test_login</a>
                    </div>
                </td>
                <td colspan='5' align='center'>
                    <div>
                        <!--css div popup start-->
                        <button>
                            <a class="popup_link" onfocus='this.blur();'
                               href="javascript:showTestDetail('div_ft1.1')" style="color:#660066;">
                                ERROR
                            </a></button>
                        <div id='div_ft1.1' class="popup_window">
                            <div style='text-align: right; color:red;cursor:pointer'>
                                <a onfocus='this.blur();'
                                   onclick="document.getElementById('div_ft1.1').style.display = 'none'; "
                                   style="color:red;">
                                    [x]</a>
                            </div>
                            <pre></pre>
                            <pre style="color: red;">Traceback (most recent call last):
  File "D:\projects\Tasleem automation py\core\base_class_web.py", line 22, in setUp
    self.driver = webdriver.Chrome(chrome_options)
  File "C:\Users\Alex\PycharmProjects\pythonProject\venv\lib\site-packages\selenium\webdriver\chrome\webdriver.py", line 45, in __init__
    super().__init__(
  File "C:\Users\Alex\PycharmProjects\pythonProject\venv\lib\site-packages\selenium\webdriver\chromium\webdriver.py", line 56, in __init__
    super().__init__(
  File "C:\Users\Alex\PycharmProjects\pythonProject\venv\lib\site-packages\selenium\webdriver\remote\webdriver.py", line 205, in __init__
    self.start_session(capabilities)
  File "C:\Users\Alex\PycharmProjects\pythonProject\venv\lib\site-packages\selenium\webdriver\remote\webdriver.py", line 289, in start_session
    response = self.execute(Command.NEW_SESSION, caps)["value"]
  File "C:\Users\Alex\PycharmProjects\pythonProject\venv\lib\site-packages\selenium\webdriver\remote\webdriver.py", line 344, in execute
    self.error_handler.check_response(response)
  File "C:\Users\Alex\PycharmProjects\pythonProject\venv\lib\site-packages\selenium\webdriver\remote\errorhandler.py", line 229, in check_response
    raise exception_class(message, screen, stacktrace)
selenium.common.exceptions.SessionNotCreatedException: Message: session not created: Missing or invalid capabilities
  (Driver info: chromedriver=118.0.5993.70 (e52f33f30b91b4ddfad649acddc39ab570473b86-refs/branch-heads/5993@{#1216}),platform=Windows NT 10.0.19045 x86_64)

</pre>
                        </div>
                        <!--css div popup end-->
                    </div>
                </td>
            </tr>
            
        

        <tr id='total_row'>
            <td>Total</td>
            <td>1</td>
            <td>0</td>
            <td>0</td>
            <td>1</td>
            <td>&nbsp;</td>
        </tr>
    </table>
</div>
<br><br>
<div id='ending'><b>Time Elapsed: </b>0:00:09.127408</div>
</body>
</html>